<?xml version="1.0" encoding="UTF-8"?>
<testsuite xmlns:xsi="http://www.w3.org/2001/XMLSchema-instance" xsi:noNamespaceSchemaLocation="https://maven.apache.org/surefire/maven-surefire-plugin/xsd/surefire-test-report.xsd" name="com.blog.BlogApplicationTests" time="5.093" tests="1" errors="0" skipped="0" failures="0">
  <properties>
    <property name="sun.desktop" value="windows"/>
    <property name="awt.toolkit" value="sun.awt.windows.WToolkit"/>
    <property name="file.encoding.pkg" value="sun.io"/>
    <property name="java.specification.version" value="1.8"/>
    <property name="sun.cpu.isalist" value="pentium_pro+mmx pentium_pro pentium+mmx pentium i486 i386 i86"/>
    <property name="sun.jnu.encoding" value="GBK"/>
    <property name="java.class.path" value="G:\interview-preparation\blog-master\blog\target\test-classes;G:\interview-preparation\blog-master\blog\target\classes;F:\apache-maven-3.5.4-bin\Maven-Repo\com\atlassian\commonmark\commonmark\0.10.0\commonmark-0.10.0.jar;F:\apache-maven-3.5.4-bin\Maven-Repo\com\atlassian\commonmark\commonmark-ext-heading-anchor\0.10.0\commonmark-ext-heading-anchor-0.10.0.jar;F:\apache-maven-3.5.4-bin\Maven-Repo\com\atlassian\commonmark\commonmark-ext-gfm-tables\0.10.0\commonmark-ext-gfm-tables-0.10.0.jar;F:\apache-maven-3.5.4-bin\Maven-Repo\com\github\pagehelper\pagehelper-spring-boot-starter\1.2.13\pagehelper-spring-boot-starter-1.2.13.jar;F:\apache-maven-3.5.4-bin\Maven-Repo\org\springframework\boot\spring-boot-starter\2.2.5.RELEASE\spring-boot-starter-2.2.5.RELEASE.jar;F:\apache-maven-3.5.4-bin\Maven-Repo\org\springframework\boot\spring-boot-starter-logging\2.2.5.RELEASE\spring-boot-starter-logging-2.2.5.RELEASE.jar;F:\apache-maven-3.5.4-bin\Maven-Repo\ch\qos\logback\logback-classic\1.2.3\logback-classic-1.2.3.jar;F:\apache-maven-3.5.4-bin\Maven-Repo\ch\qos\logback\logback-core\1.2.3\logback-core-1.2.3.jar;F:\apache-maven-3.5.4-bin\Maven-Repo\org\apache\logging\log4j\log4j-to-slf4j\2.12.1\log4j-to-slf4j-2.12.1.jar;F:\apache-maven-3.5.4-bin\Maven-Repo\org\apache\logging\log4j\log4j-api\2.12.1\log4j-api-2.12.1.jar;F:\apache-maven-3.5.4-bin\Maven-Repo\org\slf4j\jul-to-slf4j\1.7.30\jul-to-slf4j-1.7.30.jar;F:\apache-maven-3.5.4-bin\Maven-Repo\jakarta\annotation\jakarta.annotation-api\1.3.5\jakarta.annotation-api-1.3.5.jar;F:\apache-maven-3.5.4-bin\Maven-Repo\org\yaml\snakeyaml\1.25\snakeyaml-1.25.jar;F:\apache-maven-3.5.4-bin\Maven-Repo\com\github\pagehelper\pagehelper-spring-boot-autoconfigure\1.2.13\pagehelper-spring-boot-autoconfigure-1.2.13.jar;F:\apache-maven-3.5.4-bin\Maven-Repo\com\github\pagehelper\pagehelper\5.1.11\pagehelper-5.1.11.jar;F:\apache-maven-3.5.4-bin\Maven-Repo\com\github\jsqlparser\jsqlparser\2.0\jsqlparser-2.0.jar;F:\apache-maven-3.5.4-bin\Maven-Repo\org\springframework\boot\spring-boot-starter-aop\2.2.5.RELEASE\spring-boot-starter-aop-2.2.5.RELEASE.jar;F:\apache-maven-3.5.4-bin\Maven-Repo\org\springframework\spring-aop\5.2.4.RELEASE\spring-aop-5.2.4.RELEASE.jar;F:\apache-maven-3.5.4-bin\Maven-Repo\org\springframework\spring-beans\5.2.4.RELEASE\spring-beans-5.2.4.RELEASE.jar;F:\apache-maven-3.5.4-bin\Maven-Repo\org\aspectj\aspectjweaver\1.9.5\aspectjweaver-1.9.5.jar;F:\apache-maven-3.5.4-bin\Maven-Repo\org\springframework\boot\spring-boot-starter-thymeleaf\2.2.5.RELEASE\spring-boot-starter-thymeleaf-2.2.5.RELEASE.jar;F:\apache-maven-3.5.4-bin\Maven-Repo\org\thymeleaf\thymeleaf-spring5\3.0.11.RELEASE\thymeleaf-spring5-3.0.11.RELEASE.jar;F:\apache-maven-3.5.4-bin\Maven-Repo\org\thymeleaf\thymeleaf\3.0.11.RELEASE\thymeleaf-3.0.11.RELEASE.jar;F:\apache-maven-3.5.4-bin\Maven-Repo\org\attoparser\attoparser\2.0.5.RELEASE\attoparser-2.0.5.RELEASE.jar;F:\apache-maven-3.5.4-bin\Maven-Repo\org\unbescape\unbescape\1.1.6.RELEASE\unbescape-1.1.6.RELEASE.jar;F:\apache-maven-3.5.4-bin\Maven-Repo\org\slf4j\slf4j-api\1.7.30\slf4j-api-1.7.30.jar;F:\apache-maven-3.5.4-bin\Maven-Repo\org\thymeleaf\extras\thymeleaf-extras-java8time\3.0.4.RELEASE\thymeleaf-extras-java8time-3.0.4.RELEASE.jar;F:\apache-maven-3.5.4-bin\Maven-Repo\org\springframework\boot\spring-boot-starter-web\2.2.5.RELEASE\spring-boot-starter-web-2.2.5.RELEASE.jar;F:\apache-maven-3.5.4-bin\Maven-Repo\org\springframework\boot\spring-boot-starter-json\2.2.5.RELEASE\spring-boot-starter-json-2.2.5.RELEASE.jar;F:\apache-maven-3.5.4-bin\Maven-Repo\com\fasterxml\jackson\core\jackson-databind\2.10.2\jackson-databind-2.10.2.jar;F:\apache-maven-3.5.4-bin\Maven-Repo\com\fasterxml\jackson\core\jackson-annotations\2.10.2\jackson-annotations-2.10.2.jar;F:\apache-maven-3.5.4-bin\Maven-Repo\com\fasterxml\jackson\core\jackson-core\2.10.2\jackson-core-2.10.2.jar;F:\apache-maven-3.5.4-bin\Maven-Repo\com\fasterxml\jackson\datatype\jackson-datatype-jdk8\2.10.2\jackson-datatype-jdk8-2.10.2.jar;F:\apache-maven-3.5.4-bin\Maven-Repo\com\fasterxml\jackson\datatype\jackson-datatype-jsr310\2.10.2\jackson-datatype-jsr310-2.10.2.jar;F:\apache-maven-3.5.4-bin\Maven-Repo\com\fasterxml\jackson\module\jackson-module-parameter-names\2.10.2\jackson-module-parameter-names-2.10.2.jar;F:\apache-maven-3.5.4-bin\Maven-Repo\org\springframework\boot\spring-boot-starter-tomcat\2.2.5.RELEASE\spring-boot-starter-tomcat-2.2.5.RELEASE.jar;F:\apache-maven-3.5.4-bin\Maven-Repo\org\apache\tomcat\embed\tomcat-embed-core\9.0.31\tomcat-embed-core-9.0.31.jar;F:\apache-maven-3.5.4-bin\Maven-Repo\org\apache\tomcat\embed\tomcat-embed-el\9.0.31\tomcat-embed-el-9.0.31.jar;F:\apache-maven-3.5.4-bin\Maven-Repo\org\apache\tomcat\embed\tomcat-embed-websocket\9.0.31\tomcat-embed-websocket-9.0.31.jar;F:\apache-maven-3.5.4-bin\Maven-Repo\org\springframework\boot\spring-boot-starter-validation\2.2.5.RELEASE\spring-boot-starter-validation-2.2.5.RELEASE.jar;F:\apache-maven-3.5.4-bin\Maven-Repo\jakarta\validation\jakarta.validation-api\2.0.2\jakarta.validation-api-2.0.2.jar;F:\apache-maven-3.5.4-bin\Maven-Repo\org\hibernate\validator\hibernate-validator\6.0.18.Final\hibernate-validator-6.0.18.Final.jar;F:\apache-maven-3.5.4-bin\Maven-Repo\org\jboss\logging\jboss-logging\3.4.1.Final\jboss-logging-3.4.1.Final.jar;F:\apache-maven-3.5.4-bin\Maven-Repo\com\fasterxml\classmate\1.5.1\classmate-1.5.1.jar;F:\apache-maven-3.5.4-bin\Maven-Repo\org\springframework\spring-web\5.2.4.RELEASE\spring-web-5.2.4.RELEASE.jar;F:\apache-maven-3.5.4-bin\Maven-Repo\org\springframework\spring-webmvc\5.2.4.RELEASE\spring-webmvc-5.2.4.RELEASE.jar;F:\apache-maven-3.5.4-bin\Maven-Repo\org\springframework\spring-context\5.2.4.RELEASE\spring-context-5.2.4.RELEASE.jar;F:\apache-maven-3.5.4-bin\Maven-Repo\org\springframework\spring-expression\5.2.4.RELEASE\spring-expression-5.2.4.RELEASE.jar;F:\apache-maven-3.5.4-bin\Maven-Repo\org\mybatis\spring\boot\mybatis-spring-boot-starter\2.1.1\mybatis-spring-boot-starter-2.1.1.jar;F:\apache-maven-3.5.4-bin\Maven-Repo\org\springframework\boot\spring-boot-starter-jdbc\2.2.5.RELEASE\spring-boot-starter-jdbc-2.2.5.RELEASE.jar;F:\apache-maven-3.5.4-bin\Maven-Repo\com\zaxxer\HikariCP\3.4.2\HikariCP-3.4.2.jar;F:\apache-maven-3.5.4-bin\Maven-Repo\org\springframework\spring-jdbc\5.2.4.RELEASE\spring-jdbc-5.2.4.RELEASE.jar;F:\apache-maven-3.5.4-bin\Maven-Repo\org\springframework\spring-tx\5.2.4.RELEASE\spring-tx-5.2.4.RELEASE.jar;F:\apache-maven-3.5.4-bin\Maven-Repo\org\mybatis\spring\boot\mybatis-spring-boot-autoconfigure\2.1.1\mybatis-spring-boot-autoconfigure-2.1.1.jar;F:\apache-maven-3.5.4-bin\Maven-Repo\org\mybatis\mybatis\3.5.3\mybatis-3.5.3.jar;F:\apache-maven-3.5.4-bin\Maven-Repo\org\mybatis\mybatis-spring\2.0.3\mybatis-spring-2.0.3.jar;F:\apache-maven-3.5.4-bin\Maven-Repo\org\springframework\boot\spring-boot-devtools\2.2.5.RELEASE\spring-boot-devtools-2.2.5.RELEASE.jar;F:\apache-maven-3.5.4-bin\Maven-Repo\org\springframework\boot\spring-boot\2.2.5.RELEASE\spring-boot-2.2.5.RELEASE.jar;F:\apache-maven-3.5.4-bin\Maven-Repo\org\springframework\boot\spring-boot-autoconfigure\2.2.5.RELEASE\spring-boot-autoconfigure-2.2.5.RELEASE.jar;F:\apache-maven-3.5.4-bin\Maven-Repo\mysql\mysql-connector-java\8.0.19\mysql-connector-java-8.0.19.jar;F:\apache-maven-3.5.4-bin\Maven-Repo\org\projectlombok\lombok\1.18.12\lombok-1.18.12.jar;F:\apache-maven-3.5.4-bin\Maven-Repo\org\springframework\boot\spring-boot-starter-test\2.2.5.RELEASE\spring-boot-starter-test-2.2.5.RELEASE.jar;F:\apache-maven-3.5.4-bin\Maven-Repo\org\springframework\boot\spring-boot-test\2.2.5.RELEASE\spring-boot-test-2.2.5.RELEASE.jar;F:\apache-maven-3.5.4-bin\Maven-Repo\org\springframework\boot\spring-boot-test-autoconfigure\2.2.5.RELEASE\spring-boot-test-autoconfigure-2.2.5.RELEASE.jar;F:\apache-maven-3.5.4-bin\Maven-Repo\com\jayway\jsonpath\json-path\2.4.0\json-path-2.4.0.jar;F:\apache-maven-3.5.4-bin\Maven-Repo\net\minidev\json-smart\2.3\json-smart-2.3.jar;F:\apache-maven-3.5.4-bin\Maven-Repo\net\minidev\accessors-smart\1.2\accessors-smart-1.2.jar;F:\apache-maven-3.5.4-bin\Maven-Repo\org\ow2\asm\asm\5.0.4\asm-5.0.4.jar;F:\apache-maven-3.5.4-bin\Maven-Repo\jakarta\xml\bind\jakarta.xml.bind-api\2.3.2\jakarta.xml.bind-api-2.3.2.jar;F:\apache-maven-3.5.4-bin\Maven-Repo\jakarta\activation\jakarta.activation-api\1.2.2\jakarta.activation-api-1.2.2.jar;F:\apache-maven-3.5.4-bin\Maven-Repo\org\junit\jupiter\junit-jupiter\5.5.2\junit-jupiter-5.5.2.jar;F:\apache-maven-3.5.4-bin\Maven-Repo\org\junit\jupiter\junit-jupiter-api\5.5.2\junit-jupiter-api-5.5.2.jar;F:\apache-maven-3.5.4-bin\Maven-Repo\org\apiguardian\apiguardian-api\1.1.0\apiguardian-api-1.1.0.jar;F:\apache-maven-3.5.4-bin\Maven-Repo\org\opentest4j\opentest4j\1.2.0\opentest4j-1.2.0.jar;F:\apache-maven-3.5.4-bin\Maven-Repo\org\junit\platform\junit-platform-commons\1.5.2\junit-platform-commons-1.5.2.jar;F:\apache-maven-3.5.4-bin\Maven-Repo\org\junit\jupiter\junit-jupiter-params\5.5.2\junit-jupiter-params-5.5.2.jar;F:\apache-maven-3.5.4-bin\Maven-Repo\org\junit\jupiter\junit-jupiter-engine\5.5.2\junit-jupiter-engine-5.5.2.jar;F:\apache-maven-3.5.4-bin\Maven-Repo\org\junit\platform\junit-platform-engine\1.5.2\junit-platform-engine-1.5.2.jar;F:\apache-maven-3.5.4-bin\Maven-Repo\org\mockito\mockito-junit-jupiter\3.1.0\mockito-junit-jupiter-3.1.0.jar;F:\apache-maven-3.5.4-bin\Maven-Repo\org\assertj\assertj-core\3.13.2\assertj-core-3.13.2.jar;F:\apache-maven-3.5.4-bin\Maven-Repo\org\hamcrest\hamcrest\2.1\hamcrest-2.1.jar;F:\apache-maven-3.5.4-bin\Maven-Repo\org\mockito\mockito-core\3.1.0\mockito-core-3.1.0.jar;F:\apache-maven-3.5.4-bin\Maven-Repo\net\bytebuddy\byte-buddy\1.10.8\byte-buddy-1.10.8.jar;F:\apache-maven-3.5.4-bin\Maven-Repo\net\bytebuddy\byte-buddy-agent\1.10.8\byte-buddy-agent-1.10.8.jar;F:\apache-maven-3.5.4-bin\Maven-Repo\org\objenesis\objenesis\2.6\objenesis-2.6.jar;F:\apache-maven-3.5.4-bin\Maven-Repo\org\skyscreamer\jsonassert\1.5.0\jsonassert-1.5.0.jar;F:\apache-maven-3.5.4-bin\Maven-Repo\com\vaadin\external\google\android-json\0.0.20131108.vaadin1\android-json-0.0.20131108.vaadin1.jar;F:\apache-maven-3.5.4-bin\Maven-Repo\org\springframework\spring-core\5.2.4.RELEASE\spring-core-5.2.4.RELEASE.jar;F:\apache-maven-3.5.4-bin\Maven-Repo\org\springframework\spring-jcl\5.2.4.RELEASE\spring-jcl-5.2.4.RELEASE.jar;F:\apache-maven-3.5.4-bin\Maven-Repo\org\springframework\spring-test\5.2.4.RELEASE\spring-test-5.2.4.RELEASE.jar;F:\apache-maven-3.5.4-bin\Maven-Repo\org\xmlunit\xmlunit-core\2.6.3\xmlunit-core-2.6.3.jar;"/>
    <property name="java.vm.vendor" value="Oracle Corporation"/>
    <property name="sun.arch.data.model" value="32"/>
    <property name="user.variant" value=""/>
    <property name="java.vendor.url" value="http://java.oracle.com/"/>
    <property name="user.timezone" value="Asia/Shanghai"/>
    <property name="java.vm.specification.version" value="1.8"/>
    <property name="os.name" value="Windows 10"/>
    <property name="user.country" value="CN"/>
    <property name="sun.java.launcher" value="SUN_STANDARD"/>
    <property name="sun.boot.library.path" value="D:\jdk-8\jre\bin"/>
    <property name="sun.java.command" value="C:\Users\ADMINI~1\AppData\Local\Temp\surefire1491773841416727180\surefirebooter2330535600265042022.jar C:\Users\Administrator\AppData\Local\Temp\surefire1491773841416727180 2020-10-25T21-27-23_247-jvmRun1 surefire4201407677172559016tmp surefire_0940316146732211135tmp"/>
    <property name="surefire.test.class.path" value="G:\interview-preparation\blog-master\blog\target\test-classes;G:\interview-preparation\blog-master\blog\target\classes;F:\apache-maven-3.5.4-bin\Maven-Repo\com\atlassian\commonmark\commonmark\0.10.0\commonmark-0.10.0.jar;F:\apache-maven-3.5.4-bin\Maven-Repo\com\atlassian\commonmark\commonmark-ext-heading-anchor\0.10.0\commonmark-ext-heading-anchor-0.10.0.jar;F:\apache-maven-3.5.4-bin\Maven-Repo\com\atlassian\commonmark\commonmark-ext-gfm-tables\0.10.0\commonmark-ext-gfm-tables-0.10.0.jar;F:\apache-maven-3.5.4-bin\Maven-Repo\com\github\pagehelper\pagehelper-spring-boot-starter\1.2.13\pagehelper-spring-boot-starter-1.2.13.jar;F:\apache-maven-3.5.4-bin\Maven-Repo\org\springframework\boot\spring-boot-starter\2.2.5.RELEASE\spring-boot-starter-2.2.5.RELEASE.jar;F:\apache-maven-3.5.4-bin\Maven-Repo\org\springframework\boot\spring-boot-starter-logging\2.2.5.RELEASE\spring-boot-starter-logging-2.2.5.RELEASE.jar;F:\apache-maven-3.5.4-bin\Maven-Repo\ch\qos\logback\logback-classic\1.2.3\logback-classic-1.2.3.jar;F:\apache-maven-3.5.4-bin\Maven-Repo\ch\qos\logback\logback-core\1.2.3\logback-core-1.2.3.jar;F:\apache-maven-3.5.4-bin\Maven-Repo\org\apache\logging\log4j\log4j-to-slf4j\2.12.1\log4j-to-slf4j-2.12.1.jar;F:\apache-maven-3.5.4-bin\Maven-Repo\org\apache\logging\log4j\log4j-api\2.12.1\log4j-api-2.12.1.jar;F:\apache-maven-3.5.4-bin\Maven-Repo\org\slf4j\jul-to-slf4j\1.7.30\jul-to-slf4j-1.7.30.jar;F:\apache-maven-3.5.4-bin\Maven-Repo\jakarta\annotation\jakarta.annotation-api\1.3.5\jakarta.annotation-api-1.3.5.jar;F:\apache-maven-3.5.4-bin\Maven-Repo\org\yaml\snakeyaml\1.25\snakeyaml-1.25.jar;F:\apache-maven-3.5.4-bin\Maven-Repo\com\github\pagehelper\pagehelper-spring-boot-autoconfigure\1.2.13\pagehelper-spring-boot-autoconfigure-1.2.13.jar;F:\apache-maven-3.5.4-bin\Maven-Repo\com\github\pagehelper\pagehelper\5.1.11\pagehelper-5.1.11.jar;F:\apache-maven-3.5.4-bin\Maven-Repo\com\github\jsqlparser\jsqlparser\2.0\jsqlparser-2.0.jar;F:\apache-maven-3.5.4-bin\Maven-Repo\org\springframework\boot\spring-boot-starter-aop\2.2.5.RELEASE\spring-boot-starter-aop-2.2.5.RELEASE.jar;F:\apache-maven-3.5.4-bin\Maven-Repo\org\springframework\spring-aop\5.2.4.RELEASE\spring-aop-5.2.4.RELEASE.jar;F:\apache-maven-3.5.4-bin\Maven-Repo\org\springframework\spring-beans\5.2.4.RELEASE\spring-beans-5.2.4.RELEASE.jar;F:\apache-maven-3.5.4-bin\Maven-Repo\org\aspectj\aspectjweaver\1.9.5\aspectjweaver-1.9.5.jar;F:\apache-maven-3.5.4-bin\Maven-Repo\org\springframework\boot\spring-boot-starter-thymeleaf\2.2.5.RELEASE\spring-boot-starter-thymeleaf-2.2.5.RELEASE.jar;F:\apache-maven-3.5.4-bin\Maven-Repo\org\thymeleaf\thymeleaf-spring5\3.0.11.RELEASE\thymeleaf-spring5-3.0.11.RELEASE.jar;F:\apache-maven-3.5.4-bin\Maven-Repo\org\thymeleaf\thymeleaf\3.0.11.RELEASE\thymeleaf-3.0.11.RELEASE.jar;F:\apache-maven-3.5.4-bin\Maven-Repo\org\attoparser\attoparser\2.0.5.RELEASE\attoparser-2.0.5.RELEASE.jar;F:\apache-maven-3.5.4-bin\Maven-Repo\org\unbescape\unbescape\1.1.6.RELEASE\unbescape-1.1.6.RELEASE.jar;F:\apache-maven-3.5.4-bin\Maven-Repo\org\slf4j\slf4j-api\1.7.30\slf4j-api-1.7.30.jar;F:\apache-maven-3.5.4-bin\Maven-Repo\org\thymeleaf\extras\thymeleaf-extras-java8time\3.0.4.RELEASE\thymeleaf-extras-java8time-3.0.4.RELEASE.jar;F:\apache-maven-3.5.4-bin\Maven-Repo\org\springframework\boot\spring-boot-starter-web\2.2.5.RELEASE\spring-boot-starter-web-2.2.5.RELEASE.jar;F:\apache-maven-3.5.4-bin\Maven-Repo\org\springframework\boot\spring-boot-starter-json\2.2.5.RELEASE\spring-boot-starter-json-2.2.5.RELEASE.jar;F:\apache-maven-3.5.4-bin\Maven-Repo\com\fasterxml\jackson\core\jackson-databind\2.10.2\jackson-databind-2.10.2.jar;F:\apache-maven-3.5.4-bin\Maven-Repo\com\fasterxml\jackson\core\jackson-annotations\2.10.2\jackson-annotations-2.10.2.jar;F:\apache-maven-3.5.4-bin\Maven-Repo\com\fasterxml\jackson\core\jackson-core\2.10.2\jackson-core-2.10.2.jar;F:\apache-maven-3.5.4-bin\Maven-Repo\com\fasterxml\jackson\datatype\jackson-datatype-jdk8\2.10.2\jackson-datatype-jdk8-2.10.2.jar;F:\apache-maven-3.5.4-bin\Maven-Repo\com\fasterxml\jackson\datatype\jackson-datatype-jsr310\2.10.2\jackson-datatype-jsr310-2.10.2.jar;F:\apache-maven-3.5.4-bin\Maven-Repo\com\fasterxml\jackson\module\jackson-module-parameter-names\2.10.2\jackson-module-parameter-names-2.10.2.jar;F:\apache-maven-3.5.4-bin\Maven-Repo\org\springframework\boot\spring-boot-starter-tomcat\2.2.5.RELEASE\spring-boot-starter-tomcat-2.2.5.RELEASE.jar;F:\apache-maven-3.5.4-bin\Maven-Repo\org\apache\tomcat\embed\tomcat-embed-core\9.0.31\tomcat-embed-core-9.0.31.jar;F:\apache-maven-3.5.4-bin\Maven-Repo\org\apache\tomcat\embed\tomcat-embed-el\9.0.31\tomcat-embed-el-9.0.31.jar;F:\apache-maven-3.5.4-bin\Maven-Repo\org\apache\tomcat\embed\tomcat-embed-websocket\9.0.31\tomcat-embed-websocket-9.0.31.jar;F:\apache-maven-3.5.4-bin\Maven-Repo\org\springframework\boot\spring-boot-starter-validation\2.2.5.RELEASE\spring-boot-starter-validation-2.2.5.RELEASE.jar;F:\apache-maven-3.5.4-bin\Maven-Repo\jakarta\validation\jakarta.validation-api\2.0.2\jakarta.validation-api-2.0.2.jar;F:\apache-maven-3.5.4-bin\Maven-Repo\org\hibernate\validator\hibernate-validator\6.0.18.Final\hibernate-validator-6.0.18.Final.jar;F:\apache-maven-3.5.4-bin\Maven-Repo\org\jboss\logging\jboss-logging\3.4.1.Final\jboss-logging-3.4.1.Final.jar;F:\apache-maven-3.5.4-bin\Maven-Repo\com\fasterxml\classmate\1.5.1\classmate-1.5.1.jar;F:\apache-maven-3.5.4-bin\Maven-Repo\org\springframework\spring-web\5.2.4.RELEASE\spring-web-5.2.4.RELEASE.jar;F:\apache-maven-3.5.4-bin\Maven-Repo\org\springframework\spring-webmvc\5.2.4.RELEASE\spring-webmvc-5.2.4.RELEASE.jar;F:\apache-maven-3.5.4-bin\Maven-Repo\org\springframework\spring-context\5.2.4.RELEASE\spring-context-5.2.4.RELEASE.jar;F:\apache-maven-3.5.4-bin\Maven-Repo\org\springframework\spring-expression\5.2.4.RELEASE\spring-expression-5.2.4.RELEASE.jar;F:\apache-maven-3.5.4-bin\Maven-Repo\org\mybatis\spring\boot\mybatis-spring-boot-starter\2.1.1\mybatis-spring-boot-starter-2.1.1.jar;F:\apache-maven-3.5.4-bin\Maven-Repo\org\springframework\boot\spring-boot-starter-jdbc\2.2.5.RELEASE\spring-boot-starter-jdbc-2.2.5.RELEASE.jar;F:\apache-maven-3.5.4-bin\Maven-Repo\com\zaxxer\HikariCP\3.4.2\HikariCP-3.4.2.jar;F:\apache-maven-3.5.4-bin\Maven-Repo\org\springframework\spring-jdbc\5.2.4.RELEASE\spring-jdbc-5.2.4.RELEASE.jar;F:\apache-maven-3.5.4-bin\Maven-Repo\org\springframework\spring-tx\5.2.4.RELEASE\spring-tx-5.2.4.RELEASE.jar;F:\apache-maven-3.5.4-bin\Maven-Repo\org\mybatis\spring\boot\mybatis-spring-boot-autoconfigure\2.1.1\mybatis-spring-boot-autoconfigure-2.1.1.jar;F:\apache-maven-3.5.4-bin\Maven-Repo\org\mybatis\mybatis\3.5.3\mybatis-3.5.3.jar;F:\apache-maven-3.5.4-bin\Maven-Repo\org\mybatis\mybatis-spring\2.0.3\mybatis-spring-2.0.3.jar;F:\apache-maven-3.5.4-bin\Maven-Repo\org\springframework\boot\spring-boot-devtools\2.2.5.RELEASE\spring-boot-devtools-2.2.5.RELEASE.jar;F:\apache-maven-3.5.4-bin\Maven-Repo\org\springframework\boot\spring-boot\2.2.5.RELEASE\spring-boot-2.2.5.RELEASE.jar;F:\apache-maven-3.5.4-bin\Maven-Repo\org\springframework\boot\spring-boot-autoconfigure\2.2.5.RELEASE\spring-boot-autoconfigure-2.2.5.RELEASE.jar;F:\apache-maven-3.5.4-bin\Maven-Repo\mysql\mysql-connector-java\8.0.19\mysql-connector-java-8.0.19.jar;F:\apache-maven-3.5.4-bin\Maven-Repo\org\projectlombok\lombok\1.18.12\lombok-1.18.12.jar;F:\apache-maven-3.5.4-bin\Maven-Repo\org\springframework\boot\spring-boot-starter-test\2.2.5.RELEASE\spring-boot-starter-test-2.2.5.RELEASE.jar;F:\apache-maven-3.5.4-bin\Maven-Repo\org\springframework\boot\spring-boot-test\2.2.5.RELEASE\spring-boot-test-2.2.5.RELEASE.jar;F:\apache-maven-3.5.4-bin\Maven-Repo\org\springframework\boot\spring-boot-test-autoconfigure\2.2.5.RELEASE\spring-boot-test-autoconfigure-2.2.5.RELEASE.jar;F:\apache-maven-3.5.4-bin\Maven-Repo\com\jayway\jsonpath\json-path\2.4.0\json-path-2.4.0.jar;F:\apache-maven-3.5.4-bin\Maven-Repo\net\minidev\json-smart\2.3\json-smart-2.3.jar;F:\apache-maven-3.5.4-bin\Maven-Repo\net\minidev\accessors-smart\1.2\accessors-smart-1.2.jar;F:\apache-maven-3.5.4-bin\Maven-Repo\org\ow2\asm\asm\5.0.4\asm-5.0.4.jar;F:\apache-maven-3.5.4-bin\Maven-Repo\jakarta\xml\bind\jakarta.xml.bind-api\2.3.2\jakarta.xml.bind-api-2.3.2.jar;F:\apache-maven-3.5.4-bin\Maven-Repo\jakarta\activation\jakarta.activation-api\1.2.2\jakarta.activation-api-1.2.2.jar;F:\apache-maven-3.5.4-bin\Maven-Repo\org\junit\jupiter\junit-jupiter\5.5.2\junit-jupiter-5.5.2.jar;F:\apache-maven-3.5.4-bin\Maven-Repo\org\junit\jupiter\junit-jupiter-api\5.5.2\junit-jupiter-api-5.5.2.jar;F:\apache-maven-3.5.4-bin\Maven-Repo\org\apiguardian\apiguardian-api\1.1.0\apiguardian-api-1.1.0.jar;F:\apache-maven-3.5.4-bin\Maven-Repo\org\opentest4j\opentest4j\1.2.0\opentest4j-1.2.0.jar;F:\apache-maven-3.5.4-bin\Maven-Repo\org\junit\platform\junit-platform-commons\1.5.2\junit-platform-commons-1.5.2.jar;F:\apache-maven-3.5.4-bin\Maven-Repo\org\junit\jupiter\junit-jupiter-params\5.5.2\junit-jupiter-params-5.5.2.jar;F:\apache-maven-3.5.4-bin\Maven-Repo\org\junit\jupiter\junit-jupiter-engine\5.5.2\junit-jupiter-engine-5.5.2.jar;F:\apache-maven-3.5.4-bin\Maven-Repo\org\junit\platform\junit-platform-engine\1.5.2\junit-platform-engine-1.5.2.jar;F:\apache-maven-3.5.4-bin\Maven-Repo\org\mockito\mockito-junit-jupiter\3.1.0\mockito-junit-jupiter-3.1.0.jar;F:\apache-maven-3.5.4-bin\Maven-Repo\org\assertj\assertj-core\3.13.2\assertj-core-3.13.2.jar;F:\apache-maven-3.5.4-bin\Maven-Repo\org\hamcrest\hamcrest\2.1\hamcrest-2.1.jar;F:\apache-maven-3.5.4-bin\Maven-Repo\org\mockito\mockito-core\3.1.0\mockito-core-3.1.0.jar;F:\apache-maven-3.5.4-bin\Maven-Repo\net\bytebuddy\byte-buddy\1.10.8\byte-buddy-1.10.8.jar;F:\apache-maven-3.5.4-bin\Maven-Repo\net\bytebuddy\byte-buddy-agent\1.10.8\byte-buddy-agent-1.10.8.jar;F:\apache-maven-3.5.4-bin\Maven-Repo\org\objenesis\objenesis\2.6\objenesis-2.6.jar;F:\apache-maven-3.5.4-bin\Maven-Repo\org\skyscreamer\jsonassert\1.5.0\jsonassert-1.5.0.jar;F:\apache-maven-3.5.4-bin\Maven-Repo\com\vaadin\external\google\android-json\0.0.20131108.vaadin1\android-json-0.0.20131108.vaadin1.jar;F:\apache-maven-3.5.4-bin\Maven-Repo\org\springframework\spring-core\5.2.4.RELEASE\spring-core-5.2.4.RELEASE.jar;F:\apache-maven-3.5.4-bin\Maven-Repo\org\springframework\spring-jcl\5.2.4.RELEASE\spring-jcl-5.2.4.RELEASE.jar;F:\apache-maven-3.5.4-bin\Maven-Repo\org\springframework\spring-test\5.2.4.RELEASE\spring-test-5.2.4.RELEASE.jar;F:\apache-maven-3.5.4-bin\Maven-Repo\org\xmlunit\xmlunit-core\2.6.3\xmlunit-core-2.6.3.jar;"/>
    <property name="sun.cpu.endian" value="little"/>
    <property name="user.home" value="C:\Users\Administrator"/>
    <property name="user.language" value="zh"/>
    <property name="java.specification.vendor" value="Oracle Corporation"/>
    <property name="java.home" value="D:\jdk-8\jre"/>
    <property name="basedir" value="G:\interview-preparation\blog-master\blog"/>
    <property name="file.separator" value="\"/>
    <property name="line.separator" value="&#10;"/>
    <property name="java.vm.specification.vendor" value="Oracle Corporation"/>
    <property name="java.specification.name" value="Java Platform API Specification"/>
    <property name="java.awt.graphicsenv" value="sun.awt.Win32GraphicsEnvironment"/>
    <property name="surefire.real.class.path" value="C:\Users\ADMINI~1\AppData\Local\Temp\surefire1491773841416727180\surefirebooter2330535600265042022.jar"/>
    <property name="sun.boot.class.path" value="D:\jdk-8\jre\lib\resources.jar;D:\jdk-8\jre\lib\rt.jar;D:\jdk-8\jre\lib\sunrsasign.jar;D:\jdk-8\jre\lib\jsse.jar;D:\jdk-8\jre\lib\jce.jar;D:\jdk-8\jre\lib\charsets.jar;D:\jdk-8\jre\lib\jfr.jar;D:\jdk-8\jre\classes"/>
    <property name="user.script" value=""/>
    <property name="sun.management.compiler" value="HotSpot Client Compiler"/>
    <property name="java.runtime.version" value="1.8.0_241-b07"/>
    <property name="user.name" value="Administrator"/>
    <property name="path.separator" value=";"/>
    <property name="os.version" value="10.0"/>
    <property name="java.endorsed.dirs" value="D:\jdk-8\jre\lib\endorsed"/>
    <property name="java.runtime.name" value="Java(TM) SE Runtime Environment"/>
    <property name="file.encoding" value="GBK"/>
    <property name="java.vm.name" value="Java HotSpot(TM) Client VM"/>
    <property name="localRepository" value="F:\apache-maven-3.5.4-bin\Maven-Repo"/>
    <property name="java.vendor.url.bug" value="http://bugreport.sun.com/bugreport/"/>
    <property name="java.io.tmpdir" value="C:\Users\ADMINI~1\AppData\Local\Temp\"/>
    <property name="java.version" value="1.8.0_241"/>
    <property name="user.dir" value="G:\interview-preparation\blog-master\blog"/>
    <property name="os.arch" value="x86"/>
    <property name="java.vm.specification.name" value="Java Virtual Machine Specification"/>
    <property name="java.awt.printerjob" value="sun.awt.windows.WPrinterJob"/>
    <property name="sun.os.patch.level" value=""/>
    <property name="idea.version2019.3.3" value="true"/>
    <property name="java.library.path" value="D:\jdk-8\jre\bin;C:\Windows\Sun\Java\bin;C:\Windows\system32;C:\Windows;C:\Program Files (x86)\Common Files\Oracle\Java\javapath;D:\jdk-8\bin;F:\node-js\;C:\Windows\System32;C:\Windows\system32;C:\Windows;C:\Windows\System32\Wbem;C:\Windows\System32\WindowsPowerShell\v1.0\;G:\CodeBlock\CodeBlocks\MinGW\bin;G:\TDM-GCC\TDM-GCC-64\bin;G:\chixing\Scripts\;G:\chixing\;C:\Program Files\MySQL\MySQL Shell 8.0\bin\;F:\Microsoft VS Code Insiders\bin;G:\Fiddler;C:\Users\Administrator\AppData\Roaming\npm;."/>
    <property name="java.vm.info" value="mixed mode"/>
    <property name="java.vendor" value="Oracle Corporation"/>
    <property name="java.vm.version" value="25.241-b07"/>
    <property name="java.ext.dirs" value="D:\jdk-8\jre\lib\ext;C:\Windows\Sun\Java\lib\ext"/>
    <property name="sun.io.unicode.encoding" value="UnicodeLittle"/>
    <property name="java.class.version" value="52.0"/>
  </properties>
  <testcase name="contextLoads" classname="com.blog.BlogApplicationTests" time="1.063"/>
</testsuite>